\BOOKMARK [1][]{section.2}{1\040Einleitung}{}% 1
\BOOKMARK [1][]{section.3}{2\040Technische\040Rahmenbedingungen}{}% 2
\BOOKMARK [1][]{section.4}{3\040Hardware}{}% 3
\BOOKMARK [2][]{subsubsection.5}{3.0.1\040Analyse\040und\040Vorgehensweise\040Hardware}{section.4}% 4
\BOOKMARK [3][]{subsubsection.6}{3.0.2\040Stromlaufplan}{subsubsection.5}% 5
\BOOKMARK [3][]{subsubsection.7}{3.0.3\040Spannungsversorgung}{subsubsection.5}% 6
\BOOKMARK [3][]{subsubsection.8}{3.0.4\040Steuerung}{subsubsection.5}% 7
\BOOKMARK [3][]{subsubsection.9}{3.0.5\040Verbindung\040des\040Displays\040mit\040der\040Platine}{subsubsection.5}% 8
\BOOKMARK [1][]{section.10}{4\040Auswahl\040der\040Bauteile}{}% 9
\BOOKMARK [2][]{subsubsection.11}{4.0.1\040Der\040Microcontroller\040Atmega328}{section.10}% 10
\BOOKMARK [1][]{section.12}{5\040Software}{}% 11
\BOOKMARK [2][]{subsection.13}{5.1\040Into}{section.12}% 12
\BOOKMARK [2][]{subsection.15}{5.2\040char\040bare\040protocol\040\(cbp\)}{section.12}% 13
\BOOKMARK [2][]{subsection.17}{5.3\040Satelit}{section.12}% 14
\BOOKMARK [3][]{subsubsection.18}{5.3.1\040Versorgungsspannung}{subsection.17}% 15
\BOOKMARK [3][]{subsubsection.19}{5.3.2\040low\040power}{subsection.17}% 16
\BOOKMARK [3][]{subsubsection.20}{5.3.3\040eeh210}{subsection.17}% 17
\BOOKMARK [3][]{subsubsection.21}{5.3.4\040cbp\040Realisierung}{subsection.17}% 18
\BOOKMARK [2][]{subsection.22}{5.4\040Basis}{section.12}% 19
\BOOKMARK [1][]{section.23}{6\040Ergebnis}{}% 20
\BOOKMARK [1][]{section.24}{7\040Ausblick}{}% 21
\BOOKMARK [1][]{section.25}{8\040Anhang}{}% 22
\BOOKMARK [2][]{subsection.26}{8.1\040Akkuspannung}{section.25}% 23
\BOOKMARK [2][]{subsection.27}{8.2\040lowpower\040sleep}{section.25}% 24
\BOOKMARK [2][]{subsection.28}{8.3\040cbp\040Satelit}{section.25}% 25
\BOOKMARK [2][]{subsection.29}{8.4\040basis}{section.25}% 26
